<?xml version="1.0" encoding="UTF-8"?>
<!-- Generated by org.testng.reporters.JUnitReportReporter -->
<testsuite hostname="LAPTOP-IVSE7IHH" name="upload_advertisment_testcases.LogInPageTest" tests="2" failures="0" timestamp="15 Dec 2018 05:42:47 GMT" time="21.433" errors="0">
  <testcase name="checkLogInPageTitle" time="11.484" classname="upload_advertisment_testcases.LogInPageTest"/>
  <testcase name="logInCredentials" time="9.949" classname="upload_advertisment_testcases.LogInPageTest"/>
</testsuite> <!-- upload_advertisment_testcases.LogInPageTest -->
