<?xml version="1.0" encoding="UTF-8"?>
<!-- Generated by org.testng.reporters.JUnitReportReporter -->
<testsuite hostname="LAPTOP-IVSE7IHH" name="upload_advertisment_testcases.SignInTest" tests="1" failures="0" timestamp="14 Dec 2018 02:15:45 GMT" time="31.176" errors="0">
  <testcase name="clickSignInBtn" time="31.176" classname="upload_advertisment_testcases.SignInTest"/>
</testsuite> <!-- upload_advertisment_testcases.SignInTest -->
