<?xml version="1.0" encoding="UTF-8"?>
<!-- Generated by org.testng.reporters.JUnitReportReporter -->
<testsuite hostname="LAPTOP-IVSE7IHH" name="upload_advertisment_testcases.CheckLogInTest" tests="1" failures="0" timestamp="15 Dec 2018 05:42:47 GMT" time="14.216" errors="0">
  <testcase name="clickSignInBtn" time="14.216" classname="upload_advertisment_testcases.CheckLogInTest"/>
</testsuite> <!-- upload_advertisment_testcases.CheckLogInTest -->
