<?xml version="1.0" encoding="UTF-8"?>
<!-- Generated by org.testng.reporters.JUnitReportReporter -->
<testsuite hostname="LAPTOP-IVSE7IHH" name="upload_advertisment_testcases.AdDetailsTest" tests="3" failures="0" timestamp="27 Dec 2018 03:42:00 GMT" time="367.147" errors="0">
  <testcase name="clickFreeRadioBtn" time="148.642" classname="upload_advertisment_testcases.AdDetailsTest"/>
  <testcase name="clickFreeRadioBtn" time="106.051" classname="upload_advertisment_testcases.AdDetailsTest"/>
  <testcase name="clickFreeRadioBtn" time="112.454" classname="upload_advertisment_testcases.AdDetailsTest"/>
</testsuite> <!-- upload_advertisment_testcases.AdDetailsTest -->
