<?xml version="1.0" encoding="UTF-8"?>
<!-- Generated by org.testng.reporters.JUnitReportReporter -->
<testsuite hostname="LAPTOP-IVSE7IHH" name="upload_advertisment_testcases.BaseTest" tests="1" failures="0" timestamp="13 Dec 2018 02:24:47 GMT" time="34.633" errors="0">
  <testcase name="openSite" time="34.633" classname="upload_advertisment_testcases.BaseTest"/>
</testsuite> <!-- upload_advertisment_testcases.BaseTest -->
