<?xml version="1.0" encoding="UTF-8"?>
<!-- Generated by org.testng.reporters.JUnitReportReporter -->
<testsuite hostname="LAPTOP-IVSE7IHH" name="upload_advertisment_testcases.AdDetailsTest" tests="3" failures="0" timestamp="27 Dec 2018 08:28:43 GMT" time="181.381" errors="0">
  <testcase name="clickFreeRadioBtn" time="75.734" classname="upload_advertisment_testcases.AdDetailsTest"/>
  <testcase name="clickFreeRadioBtn" time="66.779" classname="upload_advertisment_testcases.AdDetailsTest"/>
  <testcase name="clickFreeRadioBtn" time="38.868" classname="upload_advertisment_testcases.AdDetailsTest"/>
</testsuite> <!-- upload_advertisment_testcases.AdDetailsTest -->
