<?xml version="1.0" encoding="UTF-8"?>
<!-- Generated by org.testng.reporters.JUnitReportReporter -->
<testsuite hostname="LAPTOP-IVSE7IHH" name="upload_advertisment_testcases.CAndLTest" tests="1" failures="0" timestamp="21 Dec 2018 03:49:04 GMT" time="28.700" errors="0">
  <testcase name="openAdDetails" time="28.700" classname="upload_advertisment_testcases.CAndLTest"/>
</testsuite> <!-- upload_advertisment_testcases.CAndLTest -->
