<?xml version="1.0" encoding="UTF-8"?>
<!-- Generated by org.testng.reporters.JUnitReportReporter -->
<testsuite hostname="LAPTOP-IVSE7IHH" name="upload_advertisment_testcases.UserHomePageTest" tests="2" failures="0" timestamp="16 Dec 2018 22:03:00 GMT" time="48.512" errors="0">
  <testcase name="clickClasses" time="29.729" classname="upload_advertisment_testcases.UserHomePageTest"/>
  <testcase name="checkUserName" time="18.783" classname="upload_advertisment_testcases.UserHomePageTest"/>
</testsuite> <!-- upload_advertisment_testcases.UserHomePageTest -->
