<?xml version="1.0" encoding="UTF-8"?>
<!-- Generated by org.testng.reporters.JUnitReportReporter -->
<testsuite hostname="LAPTOP-IVSE7IHH" name="upload_advertisment_testcases.CAndLTest" tests="1" failures="0" timestamp="15 Dec 2018 05:42:47 GMT" time="75.570" errors="0">
  <testcase name="openAdDetails" time="75.570" classname="upload_advertisment_testcases.CAndLTest"/>
</testsuite> <!-- upload_advertisment_testcases.CAndLTest -->
