<?xml version="1.0" encoding="UTF-8"?>
<!-- Generated by org.testng.reporters.JUnitReportReporter -->
<testsuite hostname="LAPTOP-IVSE7IHH" name="upload_advertisment_testcases.AdDetailsTest" tests="1" failures="0" timestamp="19 Dec 2018 07:45:28 GMT" time="57.398" errors="0">
  <testcase name="clickFreeRadioBtn" time="57.398" classname="upload_advertisment_testcases.AdDetailsTest"/>
</testsuite> <!-- upload_advertisment_testcases.AdDetailsTest -->
