<?xml version="1.0" encoding="UTF-8"?>
<!-- Generated by org.testng.reporters.JUnitReportReporter -->
<testsuite hostname="LAPTOP-IVSE7IHH" name="upload_advertisment_testcases.AdDetailsTest" tests="1" failures="0" timestamp="21 Dec 2018 09:20:42 GMT" time="76.039" errors="0">
  <testcase name="clickFreeRadioBtn" time="76.039" classname="upload_advertisment_testcases.AdDetailsTest"/>
</testsuite> <!-- upload_advertisment_testcases.AdDetailsTest -->
